E:\DSPRO\WORK\DSDBS\DEBUG\DSPB.DLL
E:\dspro\Work\dsDBS\Debug\dsPB.exp
E:\DSPRO\WORK\DSDBS\DEBUG\DSPB.ILK
E:\dspro\Work\dsDBS\Debug\dsPB.lib
E:\DSPRO\WORK\DSDBS\DEBUG\DSPB.PDB
E:\dspro\Work\dsDBS\dsPB\Debug\cl.command.1.tlog
E:\dspro\Work\dsDBS\dsPB\Debug\CL.read.1.tlog
E:\dspro\Work\dsDBS\dsPB\Debug\CL.write.1.tlog
E:\DSPRO\WORK\DSDBS\DSPB\DEBUG\DSPB.DLL.EMBED.MANIFEST
E:\DSPRO\WORK\DSDBS\DSPB\DEBUG\DSPB.DLL.EMBED.MANIFEST.RES
E:\DSPRO\WORK\DSDBS\DSPB\DEBUG\DSPB.DLL.INTERMEDIATE.MANIFEST
E:\dspro\Work\dsDBS\dsPB\Debug\dsPB.write.1.tlog
E:\dspro\Work\dsDBS\dsPB\Debug\dsPB_manifest.rc
E:\DSPRO\WORK\DSDBS\DSPB\DEBUG\GXMSGBUFPB.OBJ
E:\dspro\Work\dsDBS\dsPB\Debug\link.7140.read.1.tlog
E:\dspro\Work\dsDBS\dsPB\Debug\link.7140.write.1.tlog
E:\dspro\Work\dsDBS\dsPB\Debug\link.7140-cvtres.read.1.tlog
E:\dspro\Work\dsDBS\dsPB\Debug\link.7140-cvtres.write.1.tlog
E:\dspro\Work\dsDBS\dsPB\Debug\link.command.1.tlog
E:\dspro\Work\dsDBS\dsPB\Debug\link.read.1.tlog
E:\dspro\Work\dsDBS\dsPB\Debug\link.write.1.tlog
E:\dspro\Work\dsDBS\dsPB\Debug\link-cvtres.read.1.tlog
E:\dspro\Work\dsDBS\dsPB\Debug\link-cvtres.write.1.tlog
E:\dspro\Work\dsDBS\dsPB\Debug\mt.command.1.tlog
E:\dspro\Work\dsDBS\dsPB\Debug\mt.read.1.tlog
E:\dspro\Work\dsDBS\dsPB\Debug\mt.write.1.tlog
E:\dspro\Work\dsDBS\dsPB\Debug\rc.command.1.tlog
E:\dspro\Work\dsDBS\dsPB\Debug\rc.read.1.tlog
E:\dspro\Work\dsDBS\dsPB\Debug\rc.write.1.tlog
E:\dspro\Work\dsDBS\dsPB\Debug\vc100.idb
E:\DSPRO\WORK\DSDBS\DSPB\DEBUG\VC100.PDB
