生成启动时间为 2021/12/18 22:05:20。
     1>项目“E:\dspro\Work\dsDBS\dsPB\dsPB.vcxproj”在节点 2 上(rebuild 个目标)。
     1>_PrepareForClean:
         正在删除文件“Debug\dsPB.lastbuildstate”。
       InitializeBuildStatus:
         正在创建“Debug\dsPB.unsuccessfulbuild”，因为已指定“AlwaysCreate”。
       ClCompile:
         C:\Program Files (x86)\Microsoft Visual Studio 10.0\VC\bin\CL.exe /c /ZI /nologo /W3 /WX- /Od /Oy- /D WIN32 /D _DEBUG /D _WINDOWS /D _USRDLL /D DSPB_EXPORTS /D POROTBUF_EXPORTS /D _WINDLL /D _MBCS /Gm /EHsc /RTC1 /MDd /Zp1 /GS /fp:precise /Zc:wchar_t /Zc:forScope /Fo"Debug\\" /Fd"Debug\vc100.pdb" /Gd /TP /analyze- /errorReport:prompt gxMsgBufPB.cpp
         gxMsgBufPB.cpp
       ManifestResourceCompile:
         C:\Program Files (x86)\Microsoft SDKs\Windows\v7.0A\bin\rc.exe /nologo /fo"Debug\dsPB.dll.embed.manifest.res" Debug\dsPB_manifest.rc 
       Link:
         C:\Program Files (x86)\Microsoft Visual Studio 10.0\VC\bin\link.exe /ERRORREPORT:PROMPT /OUT:"E:\dspro\Work\dsDBS\Debug\dsPB.dll" /INCREMENTAL /NOLOGO /LIBPATH:..\lib libprotobuf.lib dsBase.lib kernel32.lib user32.lib gdi32.lib winspool.lib comdlg32.lib advapi32.lib shell32.lib ole32.lib oleaut32.lib uuid.lib odbc32.lib odbccp32.lib /DEF:"dsPB.def" /MANIFEST /ManifestFile:"Debug\dsPB.dll.intermediate.manifest" /MANIFESTUAC:"level='asInvoker' uiAccess='false'" /DEBUG /PDB:"E:\dspro\Work\dsDBS\Debug\dsPB.pdb" /SUBSYSTEM:WINDOWS /TLBID:1 /DYNAMICBASE /NXCOMPAT /IMPLIB:"E:\dspro\Work\dsDBS\Debug\dsPB.lib" /MACHINE:X86 /DLL Debug\dsPB.dll.embed.manifest.res
         Debug\gxMsgBufPB.obj
            正在创建库 E:\dspro\Work\dsDBS\Debug\dsPB.lib 和对象 E:\dspro\Work\dsDBS\Debug\dsPB.exp
       Manifest:
         正在删除文件“Debug\dsPB.dll.embed.manifest”。
         C:\Program Files (x86)\Microsoft SDKs\Windows\v7.0A\bin\mt.exe /nologo /verbose /out:"Debug\dsPB.dll.embed.manifest" /manifest Debug\dsPB.dll.intermediate.manifest
         C:\Program Files (x86)\Microsoft SDKs\Windows\v7.0A\bin\rc.exe /nologo /fo"Debug\dsPB.dll.embed.manifest.res" Debug\dsPB_manifest.rc 
       LinkEmbedManifest:
         C:\Program Files (x86)\Microsoft Visual Studio 10.0\VC\bin\link.exe /ERRORREPORT:PROMPT /OUT:"E:\dspro\Work\dsDBS\Debug\dsPB.dll" /INCREMENTAL /NOLOGO /LIBPATH:..\lib libprotobuf.lib dsBase.lib kernel32.lib user32.lib gdi32.lib winspool.lib comdlg32.lib advapi32.lib shell32.lib ole32.lib oleaut32.lib uuid.lib odbc32.lib odbccp32.lib /DEF:"dsPB.def" /MANIFEST /ManifestFile:"Debug\dsPB.dll.intermediate.manifest" /MANIFESTUAC:"level='asInvoker' uiAccess='false'" /DEBUG /PDB:"E:\dspro\Work\dsDBS\Debug\dsPB.pdb" /SUBSYSTEM:WINDOWS /TLBID:1 /DYNAMICBASE /NXCOMPAT /IMPLIB:"E:\dspro\Work\dsDBS\Debug\dsPB.lib" /MACHINE:X86 /DLL Debug\dsPB.dll.embed.manifest.res
         Debug\gxMsgBufPB.obj
            正在创建库 E:\dspro\Work\dsDBS\Debug\dsPB.lib 和对象 E:\dspro\Work\dsDBS\Debug\dsPB.exp
         dsPB.vcxproj -> E:\dspro\Work\dsDBS\Debug\dsPB.dll
       FinalizeBuildStatus:
         正在删除文件“Debug\dsPB.unsuccessfulbuild”。
         正在对“Debug\dsPB.lastbuildstate”执行 Touch 任务。
     1>已完成生成项目“E:\dspro\Work\dsDBS\dsPB\dsPB.vcxproj”(rebuild 个目标)的操作。

生成成功。

已用时间 00:00:02.71
